10 10
c11 29.74
c12 47.72
c13 87.60
c14 29.87
c15 98.83
c16 96.47
c17 9.26
c18 66.22
c19 6.90
c110 71.45
c21 24.38
c22 52.55
c23 47.85
c24 61.75
c25 94.81
c26 82.93
c27 15.56
c28 24.67
c29 76.88
c210 50.31
c31 82.78
c32 21.57
c33 80.31
c34 31.93
c35 49.24
c36 51.56
c37 65.43
c38 13.45
c39 70.54
c310 54.23
c41 45.11
c42 1.29
c43 2.95
c44 33.72
c45 31.15
c46 2.78
c47 31.19
c48 40.42
c49 69.01
c410 38.09
c51 12.86
c52 93.39
c53 90.64
c54 60.71
c55 56.14
c56 86.45
c57 44.64
c58 71.71
c59 12.12
c510 22.52
c61 23.02
c62 94.90
c63 44.09
c64 4.33
c65 27.83
c66 93.33
c67 55.89
c68 93.26
c69 7.79
c610 27.44
c71 48.48
c72 52.90
c73 28.72
c74 51.43
c75 86.62
c76 59.88
c77 54.21
c78 18.81
c79 1.29
c710 24.22
c81 56.89
c82 14.15
c83 18.61
c84 48.53
c85 74.86
c86 74.75
c87 35.98
c88 20.50
c89 47.45
c810 48.09
c91 43.02
c92 70.48
c93 43.99
c94 87.11
c95 74.81
c96 71.82
c97 81.44
c98 31.70
c99 66.08
c910 89.23
c101 59.14
c102 15.56
c103 43.13
c104 87.86
c105 66.99
c106 30.75
c107 48.74
c108 22.20
c109 49.56
c1010 50.03
