10 10
c11 41.35
c12 31.71
c13 34.52
c14 18.34
c15 61.47
c16 73.65
c17 79.34
c18 54.54
c19 34.66
c110 55.59
c21 26.35
c22 86.58
c23 63.43
c24 88.89
c25 23.08
c26 47.64
c27 4.53
c28 74.49
c29 35.65
c210 29.42
c31 88.45
c32 59.41
c33 45.47
c34 35.22
c35 88.97
c36 98.19
c37 65.51
c38 42.66
c39 90.88
c310 13.30
c41 59.79
c42 33.23
c43 45.01
c44 94.31
c45 51.57
c46 7.48
c47 68.95
c48 31.90
c49 62.02
c410 4.62
c51 87.49
c52 88.37
c53 91.20
c54 51.92
c55 78.26
c56 15.28
c57 0.57
c58 82.79
c59 89.77
c510 36.21
c61 13.22
c62 79.21
c63 95.62
c64 58.68
c65 15.44
c66 85.59
c67 57.87
c68 80.94
c69 29.25
c610 49.74
c71 94.24
c72 89.04
c73 82.98
c74 40.25
c75 84.35
c76 35.54
c77 47.73
c78 54.30
c79 67.45
c710 10.76
c81 58.92
c82 55.94
c83 0.13
c84 51.11
c85 8.87
c86 78.39
c87 66.39
c88 9.43
c89 62.18
c810 57.16
c91 45.65
c92 75.40
c93 37.37
c94 42.26
c95 35.08
c96 52.81
c97 28.86
c98 92.95
c99 34.75
c910 58.11
c101 43.69
c102 30.00
c103 48.15
c104 27.67
c105 70.25
c106 33.50
c107 63.21
c108 18.98
c109 87.80
c1010 31.66
